<?xml version="1.0" encoding="UTF-8"?>
<testng-results ignored="1" total="6" passed="5" failed="0" skipped="0">
  <reporter-output>
  </reporter-output>
  <suite started-at="2022-10-22T10:36:49 IST" name="Default suite" finished-at="2022-10-22T10:36:49 IST" duration-ms="238">
    <groups>
    </groups>
    <test started-at="2022-10-22T10:36:49 IST" name="Default test" finished-at="2022-10-22T10:36:49 IST" duration-ms="238">
      <class name="com.testng.testannotation.BankingApplication">
        <test-method signature="userLogin()[pri:2, instance:com.testng.testannotation.BankingApplication@193f604a]" started-at="2022-10-22T10:36:49 IST" name="userLogin" finished-at="2022-10-22T10:36:49 IST" duration-ms="28" status="PASS">
          <reporter-output>
          </reporter-output>
        </test-method> <!-- userLogin -->
        <test-method signature="checkSavingAccountBalance()[pri:3, instance:com.testng.testannotation.BankingApplication@193f604a]" started-at="2022-10-22T10:36:49 IST" name="checkSavingAccountBalance" finished-at="2022-10-22T10:36:49 IST" duration-ms="9" status="PASS">
          <reporter-output>
          </reporter-output>
        </test-method> <!-- checkSavingAccountBalance -->
        <test-method signature="checkCurrentAccoutnBalance()[pri:4, instance:com.testng.testannotation.BankingApplication@193f604a]" started-at="2022-10-22T10:36:49 IST" name="checkCurrentAccoutnBalance" finished-at="2022-10-22T10:36:49 IST" duration-ms="7" status="PASS">
          <reporter-output>
          </reporter-output>
        </test-method> <!-- checkCurrentAccoutnBalance -->
        <test-method signature="logout()[pri:5, instance:com.testng.testannotation.BankingApplication@193f604a]" started-at="2022-10-22T10:36:49 IST" name="logout" finished-at="2022-10-22T10:36:49 IST" duration-ms="8" status="PASS">
          <reporter-output>
          </reporter-output>
        </test-method> <!-- logout -->
        <test-method signature="closeApplication()[pri:6, instance:com.testng.testannotation.BankingApplication@193f604a]" started-at="2022-10-22T10:36:49 IST" name="closeApplication" finished-at="2022-10-22T10:36:49 IST" duration-ms="25" status="PASS">
          <reporter-output>
          </reporter-output>
        </test-method> <!-- closeApplication -->
      </class> <!-- com.testng.testannotation.BankingApplication -->
    </test> <!-- Default test -->
  </suite> <!-- Default suite -->
</testng-results>
