<?xml version="1.0" encoding="UTF-8"?>
<!-- Generated by org.testng.reporters.JUnitXMLReporter -->
<testsuite ignored="1" hostname="LAPTOP-LBV6CGVH" failures="0" tests="5" name="Test" time="0.337" errors="0" timestamp="2022-09-28T11:12:28 IST">
  <testcase classname="com.testng.testannotation.BankingApplication" name="userLogin" time="0.04"/>
  <testcase classname="com.testng.testannotation.BankingApplication" name="checkSavingAccountBalance" time="0.005"/>
  <testcase classname="com.testng.testannotation.BankingApplication" name="checkCurrentAccoutnBalance" time="0.007"/>
  <testcase classname="com.testng.testannotation.BankingApplication" name="logout" time="0.005"/>
  <testcase classname="com.testng.testannotation.BankingApplication" name="closeApplication" time="0.005"/>
  <testcase classname="com.testng.testannotation.BankingApplication" name="launchApplication" time="0.0">
    <ignored/>
  </testcase> <!-- launchApplication -->
</testsuite> <!-- Test -->
