<?xml version="1.0" encoding="UTF-8"?>
<!-- Generated by org.testng.reporters.JUnitXMLReporter -->
<testsuite ignored="0" hostname="LAPTOP-LBV6CGVH" failures="0" tests="4" name="Test" time="143.048" errors="0" timestamp="2023-01-17T10:42:16 IST">
  <testcase classname="com.zoho.systemtesting.Campaigns" name="createLeads" time="6.876"/>
  <testcase classname="com.zoho.systemtesting.Leads" name="createLeads" time="13.768"/>
  <testcase classname="com.zoho.systemtesting.Accounts" name="createLeads" time="11.262"/>
  <testcase classname="com.zoho.systemtesting.Contacts" name="createLeads" time="32.111"/>
</testsuite> <!-- Test -->
