<?xml version="1.0" encoding="UTF-8"?>
<!-- Generated by org.testng.reporters.JUnitXMLReporter -->
<testsuite ignored="1" hostname="LAPTOP-LBV6CGVH" failures="0" tests="5" name="Default test" time="0.238" errors="0" timestamp="2022-10-22T10:36:50 IST">
  <testcase classname="com.testng.testannotation.BankingApplication" name="userLogin" time="0.028"/>
  <testcase classname="com.testng.testannotation.BankingApplication" name="checkSavingAccountBalance" time="0.009"/>
  <testcase classname="com.testng.testannotation.BankingApplication" name="checkCurrentAccoutnBalance" time="0.007"/>
  <testcase classname="com.testng.testannotation.BankingApplication" name="logout" time="0.008"/>
  <testcase classname="com.testng.testannotation.BankingApplication" name="closeApplication" time="0.025"/>
  <testcase classname="com.testng.testannotation.BankingApplication" name="launchApplication" time="0.0">
    <ignored/>
  </testcase> <!-- launchApplication -->
</testsuite> <!-- Default test -->
